  stdafx.cpp
  Main.cpp
  MainGame.cpp
  SandboxScene.cpp
     Creating library D:\Github\Engine - Copy\Engine\x64\Release\BubbleBobble.lib and object D:\Github\Engine - Copy\Engine\x64\Release\BubbleBobble.exp
  Generating code
  256 of 451 functions (56.8%) were compiled, the rest were copied from previous compilation.
    0 functions were new in current compilation
    43 functions had inline decision re-evaluated but remain unchanged
  Finished generating code
Minigin.lib(Renderer.obj) : warning LNK4204: 'D:\Github\Engine - Copy\Engine\x64\Release\Minigin.pdb' is missing debugging information for referencing module; linking object as if no debug info
Minigin.lib(SceneManager.obj) : warning LNK4204: 'D:\Github\Engine - Copy\Engine\x64\Release\Minigin.pdb' is missing debugging information for referencing module; linking object as if no debug info
Minigin.lib(ResourceManager.obj) : warning LNK4204: 'D:\Github\Engine - Copy\Engine\x64\Release\Minigin.pdb' is missing debugging information for referencing module; linking object as if no debug info
Minigin.lib(GameInfo.obj) : warning LNK4204: 'D:\Github\Engine - Copy\Engine\x64\Release\Minigin.pdb' is missing debugging information for referencing module; linking object as if no debug info
Minigin.lib(InputManager.obj) : warning LNK4204: 'D:\Github\Engine - Copy\Engine\x64\Release\Minigin.pdb' is missing debugging information for referencing module; linking object as if no debug info
Minigin.lib(Scene.obj) : warning LNK4204: 'D:\Github\Engine - Copy\Engine\x64\Release\Minigin.pdb' is missing debugging information for referencing module; linking object as if no debug info
Minigin.lib(TextureComponent.obj) : warning LNK4204: 'D:\Github\Engine - Copy\Engine\x64\Release\Minigin.pdb' is missing debugging information for referencing module; linking object as if no debug info
Minigin.lib(GameObject.obj) : warning LNK4204: 'D:\Github\Engine - Copy\Engine\x64\Release\Minigin.pdb' is missing debugging information for referencing module; linking object as if no debug info
Minigin.lib(TextComponent.obj) : warning LNK4204: 'D:\Github\Engine - Copy\Engine\x64\Release\Minigin.pdb' is missing debugging information for referencing module; linking object as if no debug info
Minigin.lib(MiniginPCH.obj) : warning LNK4204: 'D:\Github\Engine - Copy\Engine\x64\Release\Minigin.pdb' is missing debugging information for referencing module; linking object as if no debug info
Minigin.lib(Texture2D.obj) : warning LNK4204: 'D:\Github\Engine - Copy\Engine\x64\Release\Minigin.pdb' is missing debugging information for referencing module; linking object as if no debug info
Minigin.lib(Font.obj) : warning LNK4204: 'D:\Github\Engine - Copy\Engine\x64\Release\Minigin.pdb' is missing debugging information for referencing module; linking object as if no debug info
Minigin.lib(BaseComponent.obj) : warning LNK4204: 'D:\Github\Engine - Copy\Engine\x64\Release\Minigin.pdb' is missing debugging information for referencing module; linking object as if no debug info
  BubbleBobble.vcxproj -> D:\Github\Engine - Copy\Engine\x64\Release\BubbleBobble.exe
