d:\github\enginev1\enginev1\minigin\x64\debug\minigin.pch
d:\github\enginev1\enginev1\minigin\x64\debug\minigin.pdb
d:\github\enginev1\enginev1\minigin\x64\debug\minigin.idb
d:\github\enginev1\enginev1\minigin\x64\debug\miniginpch.obj
d:\github\enginev1\enginev1\minigin\x64\debug\gameobject.obj
d:\github\enginev1\enginev1\minigin\x64\debug\gameinfo.obj
d:\github\enginev1\enginev1\minigin\x64\debug\fsmcomponent.obj
d:\github\enginev1\enginev1\minigin\x64\debug\font.obj
d:\github\enginev1\enginev1\minigin\x64\debug\enemyscan.obj
d:\github\enginev1\enginev1\minigin\x64\debug\enemymove.obj
d:\github\enginev1\enginev1\minigin\x64\debug\enemyjump.obj
d:\github\enginev1\enginev1\minigin\x64\debug\enemycounter.obj
d:\github\enginev1\enginev1\minigin\x64\debug\effect2d.obj
d:\github\enginev1\enginev1\minigin\x64\debug\contactlistener.obj
d:\github\enginev1\enginev1\minigin\x64\debug\bubbleshootbehaviour.obj
d:\github\enginev1\enginev1\minigin\x64\debug\bubblepopbehaviour.obj
d:\github\enginev1\enginev1\minigin\x64\debug\bubblehitenemybehaviour.obj
d:\github\enginev1\enginev1\minigin\x64\debug\bubblefloatbehaviour.obj
d:\github\enginev1\enginev1\minigin\x64\debug\boxcollidercomponent.obj
d:\github\enginev1\enginev1\minigin\x64\debug\behaviour.obj
d:\github\enginev1\enginev1\minigin\x64\debug\basecomponent.obj
d:\github\enginev1\enginev1\minigin\x64\debug\attackbehaviour.obj
d:\github\enginev1\enginev1\minigin\x64\debug\animatorcontrollercomponent.obj
d:\github\enginev1\enginev1\minigin\x64\debug\allowoneway.obj
d:\github\enginev1\enginev1\minigin\x64\debug\raycastcallback.obj
d:\github\enginev1\enginev1\minigin\x64\debug\projectile.obj
d:\github\enginev1\enginev1\minigin\x64\debug\pickup.obj
d:\github\enginev1\enginev1\minigin\x64\debug\music2d.obj
d:\github\enginev1\enginev1\minigin\x64\debug\movementcomponent.obj
d:\github\enginev1\enginev1\minigin\x64\debug\mainmenu.obj
d:\github\enginev1\enginev1\minigin\x64\debug\linktosceneoverhead.obj
d:\github\enginev1\enginev1\minigin\x64\debug\launchenemy.obj
d:\github\enginev1\enginev1\minigin\x64\debug\jumpbehaviour.obj
d:\github\enginev1\enginev1\minigin\x64\debug\inputmanager.obj
d:\github\enginev1\enginev1\minigin\x64\debug\imgui_widgets.obj
d:\github\enginev1\enginev1\minigin\x64\debug\imgui_sdl.obj
d:\github\enginev1\enginev1\minigin\x64\debug\imgui_draw.obj
d:\github\enginev1\enginev1\minigin\x64\debug\imgui_demo.obj
d:\github\enginev1\enginev1\minigin\x64\debug\imguiwindows.obj
d:\github\enginev1\enginev1\minigin\x64\debug\imgui.obj
d:\github\enginev1\enginev1\minigin\x64\debug\idlebehaviour.obj
d:\github\enginev1\enginev1\minigin\x64\debug\hud.obj
d:\github\enginev1\enginev1\minigin\x64\debug\hitbehaviour.obj
d:\github\enginev1\enginev1\minigin\x64\debug\gameobjectmanager.obj
d:\github\enginev1\enginev1\minigin\x64\debug\transformcomponent.obj
d:\github\enginev1\enginev1\minigin\x64\debug\texturecomponent.obj
d:\github\enginev1\enginev1\minigin\x64\debug\texture2d.obj
d:\github\enginev1\enginev1\minigin\x64\debug\textcomponent.obj
d:\github\enginev1\enginev1\minigin\x64\debug\subject.obj
d:\github\enginev1\enginev1\minigin\x64\debug\sprite.obj
d:\github\enginev1\enginev1\minigin\x64\debug\soundmanager.obj
d:\github\enginev1\enginev1\minigin\x64\debug\scriptcomponent.obj
d:\github\enginev1\enginev1\minigin\x64\debug\script.obj
d:\github\enginev1\enginev1\minigin\x64\debug\scenemanager.obj
d:\github\enginev1\enginev1\minigin\x64\debug\scene.obj
d:\github\enginev1\enginev1\minigin\x64\debug\savehandler.obj
d:\github\enginev1\enginev1\minigin\x64\debug\runbehaviour.obj
d:\github\enginev1\enginev1\minigin\x64\debug\rigidbodycomponent.obj
d:\github\enginev1\enginev1\minigin\x64\debug\resourcemanager.obj
d:\github\enginev1\enginev1\minigin\x64\debug\renderer.obj
d:\github\enginev1\enginev1\x64\debug\minigin.lib
d:\github\enginev1\enginev1\x64\debug\minigin.pdb
d:\github\enginev1\enginev1\minigin\x64\debug\minigin.tlog\cl.command.1.tlog
d:\github\enginev1\enginev1\minigin\x64\debug\minigin.tlog\cl.read.1.tlog
d:\github\enginev1\enginev1\minigin\x64\debug\minigin.tlog\cl.write.1.tlog
d:\github\enginev1\enginev1\minigin\x64\debug\minigin.tlog\lib-link.read.1.tlog
d:\github\enginev1\enginev1\minigin\x64\debug\minigin.tlog\lib-link.write.1.tlog
d:\github\enginev1\enginev1\minigin\x64\debug\minigin.tlog\lib.command.1.tlog
