d:\github\enginev1\enginev1\minigin\win32\release\minigin.pch
d:\github\enginev1\enginev1\minigin\win32\release\minigin.pdb
d:\github\enginev1\enginev1\minigin\win32\release\miniginpch.obj
d:\github\enginev1\enginev1\minigin\win32\release\sprite.obj
d:\github\enginev1\enginev1\minigin\win32\release\scriptcomponent.obj
d:\github\enginev1\enginev1\minigin\win32\release\script.obj
d:\github\enginev1\enginev1\minigin\win32\release\scenemanager.obj
d:\github\enginev1\enginev1\minigin\win32\release\scene.obj
d:\github\enginev1\enginev1\minigin\win32\release\savehandler.obj
d:\github\enginev1\enginev1\minigin\win32\release\rigidbodycomponent.obj
d:\github\enginev1\enginev1\minigin\win32\release\resourcemanager.obj
d:\github\enginev1\enginev1\minigin\win32\release\renderer.obj
d:\github\enginev1\enginev1\minigin\win32\release\playerscript.obj
d:\github\enginev1\enginev1\minigin\win32\release\movementcomponent.obj
d:\github\enginev1\enginev1\minigin\win32\release\inputmanager.obj
d:\github\enginev1\enginev1\minigin\win32\release\imguiwindows.obj
d:\github\enginev1\enginev1\minigin\win32\release\gameobjectmanager.obj
d:\github\enginev1\enginev1\minigin\win32\release\gameobject.obj
d:\github\enginev1\enginev1\minigin\win32\release\gameinfo.obj
d:\github\enginev1\enginev1\minigin\win32\release\font.obj
d:\github\enginev1\enginev1\minigin\win32\release\boxcollidercomponent.obj
d:\github\enginev1\enginev1\minigin\win32\release\basecomponent.obj
d:\github\enginev1\enginev1\minigin\win32\release\animatorcontrollercomponent.obj
d:\github\enginev1\enginev1\minigin\win32\release\transformcomponent.obj
d:\github\enginev1\enginev1\minigin\win32\release\texturecomponent.obj
d:\github\enginev1\enginev1\minigin\win32\release\texture2d.obj
d:\github\enginev1\enginev1\minigin\win32\release\textcomponent.obj
d:\github\enginev1\enginev1\minigin\win32\release\imgui_widgets.obj
d:\github\enginev1\enginev1\minigin\win32\release\imgui_sdl.obj
d:\github\enginev1\enginev1\minigin\win32\release\imgui_draw.obj
d:\github\enginev1\enginev1\minigin\win32\release\imgui_demo.obj
d:\github\enginev1\enginev1\minigin\win32\release\imgui.obj
d:\github\enginev1\enginev1\win32\release\minigin.lib
d:\github\enginev1\enginev1\minigin\win32\release\minigin.tlog\cl.command.1.tlog
d:\github\enginev1\enginev1\minigin\win32\release\minigin.tlog\cl.read.1.tlog
d:\github\enginev1\enginev1\minigin\win32\release\minigin.tlog\cl.write.1.tlog
d:\github\enginev1\enginev1\minigin\win32\release\minigin.tlog\lib-link.read.1.tlog
d:\github\enginev1\enginev1\minigin\win32\release\minigin.tlog\lib-link.write.1.tlog
d:\github\enginev1\enginev1\minigin\win32\release\minigin.tlog\lib.command.1.tlog
