  MiniginPCH.cpp
  BaseComponent.cpp
  Font.cpp
  GameInfo.cpp
  GameObject.cpp
  imgui.cpp
D:\Github\Engine - Copy\Engine\Minigin\imgui.cpp(2184,1): error C2220: the following warning is treated as an error
D:\Github\Engine - Copy\Engine\Minigin\imgui.cpp(2184,1): warning C4005: 'va_copy': macro redefinition
D:\Github\Engine - Copy\Engine\Minigin\imgui.cpp(2182): message : see previous definition of 'va_copy'
D:\Github\Engine - Copy\Engine\Minigin\imgui.cpp(15719,1): fatal error C1010: unexpected end of file while looking for precompiled header. Did you forget to add '#include "MiniginPCH.h"' to your source?
  imgui_demo.cpp
D:\Github\Engine - Copy\Engine\Minigin\imgui_demo.cpp(114,1): error C2220: the following warning is treated as an error
D:\Github\Engine - Copy\Engine\Minigin\imgui_demo.cpp(114,1): warning C4005: 'IM_NEWLINE': macro redefinition
D:\Github\Engine - Copy\Engine\Minigin\imgui_demo.cpp(112): message : see previous definition of 'IM_NEWLINE'
D:\Github\Engine - Copy\Engine\Minigin\imgui_demo.cpp(5166,1): fatal error C1010: unexpected end of file while looking for precompiled header. Did you forget to add '#include "MiniginPCH.h"' to your source?
  imgui_draw.cpp
D:\Github\Engine - Copy\Engine\Minigin\imgui_draw.cpp(128,10): error C2006: '#include': expected "FILENAME" or <FILENAME>
D:\Github\Engine - Copy\Engine\Minigin\imgui_draw.cpp(151,10): error C2006: '#include': expected "FILENAME" or <FILENAME>
D:\Github\Engine - Copy\Engine\Minigin\imgui_draw.cpp(3629,1): fatal error C1010: unexpected end of file while looking for precompiled header. Did you forget to add '#include "MiniginPCH.h"' to your source?
  imgui_impl_sdl.cpp
D:\Github\Engine - Copy\Engine\Minigin\imgui_impl_sdl.cpp(717,1): fatal error C1010: unexpected end of file while looking for precompiled header. Did you forget to add '#include "MiniginPCH.h"' to your source?
  imgui_impl_win32.cpp
D:\Github\Engine - Copy\Engine\Minigin\imgui_impl_win32.cpp(553,1): error C2220: the following warning is treated as an error
D:\Github\Engine - Copy\Engine\Minigin\imgui_impl_win32.cpp(553,1): warning C4005: 'HAS_WIN32_IME': macro redefinition
D:\Github\Engine - Copy\Engine\Minigin\imgui_impl_win32.cpp(537): message : see previous definition of 'HAS_WIN32_IME'
D:\Github\Engine - Copy\Engine\Minigin\imgui_impl_win32.cpp(871,1): fatal error C1010: unexpected end of file while looking for precompiled header. Did you forget to add '#include "MiniginPCH.h"' to your source?
  imgui_sdl.cpp
D:\Github\Engine - Copy\Engine\Minigin\imgui_sdl.cpp(677,1): fatal error C1010: unexpected end of file while looking for precompiled header. Did you forget to add '#include "MiniginPCH.h"' to your source?
  imgui_widgets.cpp
D:\Github\Engine - Copy\Engine\Minigin\imgui_widgets.cpp(7875,1): fatal error C1010: unexpected end of file while looking for precompiled header. Did you forget to add '#include "MiniginPCH.h"' to your source?
  InputManager.cpp
  Renderer.cpp
  ResourceManager.cpp
  Scene.cpp
  SceneManager.cpp
  TextComponent.cpp
  Texture2D.cpp
  TextureComponent.cpp
  TransformComponent.cpp
