d:\github\enginev1\enginev1\minigin\x64\release\minigin.pch
d:\github\enginev1\enginev1\minigin\x64\release\minigin.pdb
d:\github\enginev1\enginev1\minigin\x64\release\miniginpch.obj
d:\github\enginev1\enginev1\minigin\x64\release\gameobject.obj
d:\github\enginev1\enginev1\minigin\x64\release\gameinfo.obj
d:\github\enginev1\enginev1\minigin\x64\release\fsmcomponent.obj
d:\github\enginev1\enginev1\minigin\x64\release\font.obj
d:\github\enginev1\enginev1\minigin\x64\release\enemyscan.obj
d:\github\enginev1\enginev1\minigin\x64\release\enemymove.obj
d:\github\enginev1\enginev1\minigin\x64\release\enemyjump.obj
d:\github\enginev1\enginev1\minigin\x64\release\enemycounter.obj
d:\github\enginev1\enginev1\minigin\x64\release\effect2d.obj
d:\github\enginev1\enginev1\minigin\x64\release\contactlistener.obj
d:\github\enginev1\enginev1\minigin\x64\release\bubbleshootbehaviour.obj
d:\github\enginev1\enginev1\minigin\x64\release\bubblepopbehaviour.obj
d:\github\enginev1\enginev1\minigin\x64\release\bubblehitenemybehaviour.obj
d:\github\enginev1\enginev1\minigin\x64\release\bubblefloatbehaviour.obj
d:\github\enginev1\enginev1\minigin\x64\release\boxcollidercomponent.obj
d:\github\enginev1\enginev1\minigin\x64\release\behaviour.obj
d:\github\enginev1\enginev1\minigin\x64\release\basecomponent.obj
d:\github\enginev1\enginev1\minigin\x64\release\attackbehaviour.obj
d:\github\enginev1\enginev1\minigin\x64\release\animatorcontrollercomponent.obj
d:\github\enginev1\enginev1\minigin\x64\release\allowoneway.obj
d:\github\enginev1\enginev1\minigin\x64\release\raycastcallback.obj
d:\github\enginev1\enginev1\minigin\x64\release\projectile.obj
d:\github\enginev1\enginev1\minigin\x64\release\pickup.obj
d:\github\enginev1\enginev1\minigin\x64\release\music2d.obj
d:\github\enginev1\enginev1\minigin\x64\release\movementcomponent.obj
d:\github\enginev1\enginev1\minigin\x64\release\mainmenu.obj
d:\github\enginev1\enginev1\minigin\x64\release\linktosceneoverhead.obj
d:\github\enginev1\enginev1\minigin\x64\release\launchenemy.obj
d:\github\enginev1\enginev1\minigin\x64\release\jumpbehaviour.obj
d:\github\enginev1\enginev1\minigin\x64\release\inputmanager.obj
d:\github\enginev1\enginev1\minigin\x64\release\imgui_widgets.obj
d:\github\enginev1\enginev1\minigin\x64\release\imgui_sdl.obj
d:\github\enginev1\enginev1\minigin\x64\release\imgui_draw.obj
d:\github\enginev1\enginev1\minigin\x64\release\imgui_demo.obj
d:\github\enginev1\enginev1\minigin\x64\release\imguiwindows.obj
d:\github\enginev1\enginev1\minigin\x64\release\imgui.obj
d:\github\enginev1\enginev1\minigin\x64\release\idlebehaviour.obj
d:\github\enginev1\enginev1\minigin\x64\release\hud.obj
d:\github\enginev1\enginev1\minigin\x64\release\hitbehaviour.obj
d:\github\enginev1\enginev1\minigin\x64\release\gameobjectmanager.obj
d:\github\enginev1\enginev1\minigin\x64\release\transformcomponent.obj
d:\github\enginev1\enginev1\minigin\x64\release\texturecomponent.obj
d:\github\enginev1\enginev1\minigin\x64\release\texture2d.obj
d:\github\enginev1\enginev1\minigin\x64\release\textcomponent.obj
d:\github\enginev1\enginev1\minigin\x64\release\subject.obj
d:\github\enginev1\enginev1\minigin\x64\release\sprite.obj
d:\github\enginev1\enginev1\minigin\x64\release\soundmanager.obj
d:\github\enginev1\enginev1\minigin\x64\release\scriptcomponent.obj
d:\github\enginev1\enginev1\minigin\x64\release\script.obj
d:\github\enginev1\enginev1\minigin\x64\release\scenemanager.obj
d:\github\enginev1\enginev1\minigin\x64\release\scene.obj
d:\github\enginev1\enginev1\minigin\x64\release\savehandler.obj
d:\github\enginev1\enginev1\minigin\x64\release\runbehaviour.obj
d:\github\enginev1\enginev1\minigin\x64\release\rigidbodycomponent.obj
d:\github\enginev1\enginev1\minigin\x64\release\resourcemanager.obj
d:\github\enginev1\enginev1\minigin\x64\release\renderer.obj
d:\github\enginev1\enginev1\x64\release\minigin.lib
d:\github\enginev1\enginev1\minigin\x64\release\minigin.tlog\cl.command.1.tlog
d:\github\enginev1\enginev1\minigin\x64\release\minigin.tlog\cl.read.1.tlog
d:\github\enginev1\enginev1\minigin\x64\release\minigin.tlog\cl.write.1.tlog
d:\github\enginev1\enginev1\minigin\x64\release\minigin.tlog\lib-link.read.1.tlog
d:\github\enginev1\enginev1\minigin\x64\release\minigin.tlog\lib-link.write.1.tlog
d:\github\enginev1\enginev1\minigin\x64\release\minigin.tlog\lib.command.1.tlog
