d:\github\enginev1\enginev1\minigin\x64\game\minigin.pch
d:\github\enginev1\enginev1\minigin\x64\game\minigin.pdb
d:\github\enginev1\enginev1\minigin\x64\game\minigin.idb
d:\github\enginev1\enginev1\minigin\x64\game\miniginpch.obj
d:\github\enginev1\enginev1\minigin\x64\game\gameobject.obj
d:\github\enginev1\enginev1\minigin\x64\game\gameinfo.obj
d:\github\enginev1\enginev1\minigin\x64\game\fsmcomponent.obj
d:\github\enginev1\enginev1\minigin\x64\game\font.obj
d:\github\enginev1\enginev1\minigin\x64\game\enemyscan.obj
d:\github\enginev1\enginev1\minigin\x64\game\enemymove.obj
d:\github\enginev1\enginev1\minigin\x64\game\enemyjump.obj
d:\github\enginev1\enginev1\minigin\x64\game\enemycounter.obj
d:\github\enginev1\enginev1\minigin\x64\game\effect2d.obj
d:\github\enginev1\enginev1\minigin\x64\game\contactlistener.obj
d:\github\enginev1\enginev1\minigin\x64\game\bubbleshootbehaviour.obj
d:\github\enginev1\enginev1\minigin\x64\game\bubblepopbehaviour.obj
d:\github\enginev1\enginev1\minigin\x64\game\bubblehitenemybehaviour.obj
d:\github\enginev1\enginev1\minigin\x64\game\bubblefloatbehaviour.obj
d:\github\enginev1\enginev1\minigin\x64\game\boxcollidercomponent.obj
d:\github\enginev1\enginev1\minigin\x64\game\behaviour.obj
d:\github\enginev1\enginev1\minigin\x64\game\basecomponent.obj
d:\github\enginev1\enginev1\minigin\x64\game\attackbehaviour.obj
d:\github\enginev1\enginev1\minigin\x64\game\animatorcontrollercomponent.obj
d:\github\enginev1\enginev1\minigin\x64\game\allowoneway.obj
d:\github\enginev1\enginev1\minigin\x64\game\raycastcallback.obj
d:\github\enginev1\enginev1\minigin\x64\game\projectile.obj
d:\github\enginev1\enginev1\minigin\x64\game\pickup.obj
d:\github\enginev1\enginev1\minigin\x64\game\music2d.obj
d:\github\enginev1\enginev1\minigin\x64\game\movementcomponent.obj
d:\github\enginev1\enginev1\minigin\x64\game\mainmenu.obj
d:\github\enginev1\enginev1\minigin\x64\game\linktosceneoverhead.obj
d:\github\enginev1\enginev1\minigin\x64\game\launchenemy.obj
d:\github\enginev1\enginev1\minigin\x64\game\jumpbehaviour.obj
d:\github\enginev1\enginev1\minigin\x64\game\inputmanager.obj
d:\github\enginev1\enginev1\minigin\x64\game\imgui_widgets.obj
d:\github\enginev1\enginev1\minigin\x64\game\imgui_sdl.obj
d:\github\enginev1\enginev1\minigin\x64\game\imgui_draw.obj
d:\github\enginev1\enginev1\minigin\x64\game\imgui_demo.obj
d:\github\enginev1\enginev1\minigin\x64\game\imguiwindows.obj
d:\github\enginev1\enginev1\minigin\x64\game\imgui.obj
d:\github\enginev1\enginev1\minigin\x64\game\idlebehaviour.obj
d:\github\enginev1\enginev1\minigin\x64\game\hud.obj
d:\github\enginev1\enginev1\minigin\x64\game\hitbehaviour.obj
d:\github\enginev1\enginev1\minigin\x64\game\gameobjectmanager.obj
d:\github\enginev1\enginev1\minigin\x64\game\transformcomponent.obj
d:\github\enginev1\enginev1\minigin\x64\game\texturecomponent.obj
d:\github\enginev1\enginev1\minigin\x64\game\texture2d.obj
d:\github\enginev1\enginev1\minigin\x64\game\textcomponent.obj
d:\github\enginev1\enginev1\minigin\x64\game\subject.obj
d:\github\enginev1\enginev1\minigin\x64\game\sprite.obj
d:\github\enginev1\enginev1\minigin\x64\game\soundmanager.obj
d:\github\enginev1\enginev1\minigin\x64\game\scriptcomponent.obj
d:\github\enginev1\enginev1\minigin\x64\game\script.obj
d:\github\enginev1\enginev1\minigin\x64\game\scenemanager.obj
d:\github\enginev1\enginev1\minigin\x64\game\scene.obj
d:\github\enginev1\enginev1\minigin\x64\game\savehandler.obj
d:\github\enginev1\enginev1\minigin\x64\game\runbehaviour.obj
d:\github\enginev1\enginev1\minigin\x64\game\rigidbodycomponent.obj
d:\github\enginev1\enginev1\minigin\x64\game\resourcemanager.obj
d:\github\enginev1\enginev1\minigin\x64\game\renderer.obj
d:\github\enginev1\enginev1\x64\game\minigin.lib
d:\github\enginev1\enginev1\minigin\x64\game\minigin.tlog\cl.command.1.tlog
d:\github\enginev1\enginev1\minigin\x64\game\minigin.tlog\cl.read.1.tlog
d:\github\enginev1\enginev1\minigin\x64\game\minigin.tlog\cl.write.1.tlog
d:\github\enginev1\enginev1\minigin\x64\game\minigin.tlog\lib-link.read.1.tlog
d:\github\enginev1\enginev1\minigin\x64\game\minigin.tlog\lib-link.write.1.tlog
d:\github\enginev1\enginev1\minigin\x64\game\minigin.tlog\lib.command.1.tlog
