d:\github\enginev1\enginev1\minigin\win32\game\minigin.pch
d:\github\enginev1\enginev1\minigin\win32\game\minigin.pdb
d:\github\enginev1\enginev1\minigin\win32\game\minigin.idb
d:\github\enginev1\enginev1\minigin\win32\game\miniginpch.obj
d:\github\enginev1\enginev1\minigin\win32\game\sprite.obj
d:\github\enginev1\enginev1\minigin\win32\game\scriptcomponent.obj
d:\github\enginev1\enginev1\minigin\win32\game\script.obj
d:\github\enginev1\enginev1\minigin\win32\game\scenemanager.obj
d:\github\enginev1\enginev1\minigin\win32\game\scene.obj
d:\github\enginev1\enginev1\minigin\win32\game\savehandler.obj
d:\github\enginev1\enginev1\minigin\win32\game\rigidbodycomponent.obj
d:\github\enginev1\enginev1\minigin\win32\game\resourcemanager.obj
d:\github\enginev1\enginev1\minigin\win32\game\renderer.obj
d:\github\enginev1\enginev1\minigin\win32\game\playerscript.obj
d:\github\enginev1\enginev1\minigin\win32\game\movementcomponent.obj
d:\github\enginev1\enginev1\minigin\win32\game\inputmanager.obj
d:\github\enginev1\enginev1\minigin\win32\game\imguiwindows.obj
d:\github\enginev1\enginev1\minigin\win32\game\gameobjectmanager.obj
d:\github\enginev1\enginev1\minigin\win32\game\gameobject.obj
d:\github\enginev1\enginev1\minigin\win32\game\gameinfo.obj
d:\github\enginev1\enginev1\minigin\win32\game\font.obj
d:\github\enginev1\enginev1\minigin\win32\game\boxcollidercomponent.obj
d:\github\enginev1\enginev1\minigin\win32\game\basecomponent.obj
d:\github\enginev1\enginev1\minigin\win32\game\animatorcontrollercomponent.obj
d:\github\enginev1\enginev1\minigin\win32\game\transformcomponent.obj
d:\github\enginev1\enginev1\minigin\win32\game\texturecomponent.obj
d:\github\enginev1\enginev1\minigin\win32\game\texture2d.obj
d:\github\enginev1\enginev1\minigin\win32\game\textcomponent.obj
d:\github\enginev1\enginev1\minigin\win32\game\imgui_widgets.obj
d:\github\enginev1\enginev1\minigin\win32\game\imgui_sdl.obj
d:\github\enginev1\enginev1\minigin\win32\game\imgui_draw.obj
d:\github\enginev1\enginev1\minigin\win32\game\imgui_demo.obj
d:\github\enginev1\enginev1\minigin\win32\game\imgui.obj
d:\github\enginev1\enginev1\win32\game\minigin.lib
d:\github\enginev1\enginev1\minigin\win32\game\minigin.tlog\cl.command.1.tlog
d:\github\enginev1\enginev1\minigin\win32\game\minigin.tlog\cl.read.1.tlog
d:\github\enginev1\enginev1\minigin\win32\game\minigin.tlog\cl.write.1.tlog
d:\github\enginev1\enginev1\minigin\win32\game\minigin.tlog\lib-link.read.1.tlog
d:\github\enginev1\enginev1\minigin\win32\game\minigin.tlog\lib-link.write.1.tlog
d:\github\enginev1\enginev1\minigin\win32\game\minigin.tlog\lib.command.1.tlog
