  MiniginPCH.cpp
  AllowOneWay.cpp
  AnimatorControllerComponent.cpp
  AttackBehaviour.cpp
  BaseComponent.cpp
  Behaviour.cpp
  BoxColliderComponent.cpp
  BubbleFloatBehaviour.cpp
  BubbleHitEnemyBehaviour.cpp
  BubblePopBehaviour.cpp
  BubbleShootBehaviour.cpp
  ContactListener.cpp
  Effect2D.cpp
  EnemyCounter.cpp
  EnemyJump.cpp
  EnemyMove.cpp
  EnemyScan.cpp
  Font.cpp
  FSMComponent.cpp
  GameInfo.cpp
  GameObject.cpp
  Generating Code...
  Compiling...
  GameObjectManager.cpp
  HitBehaviour.cpp
  HUD.cpp
  IdleBehaviour.cpp
  ImGuiWindows.cpp
  InputManager.cpp
  JumpBehaviour.cpp
  LaunchEnemy.cpp
  LinkToSceneOverhead.cpp
  MainMenu.cpp
  MovementComponent.cpp
  Music2D.cpp
  PickUp.cpp
  Projectile.cpp
  RayCastCallback.cpp
  Renderer.cpp
  ResourceManager.cpp
  RigidbodyComponent.cpp
  RunBehaviour.cpp
  SaveHandler.cpp
  Generating Code...
  Compiling...
  Scene.cpp
  SceneManager.cpp
  Script.cpp
  ScriptComponent.cpp
  SoundManager.cpp
  Sprite.cpp
  Subject.cpp
  TextComponent.cpp
  Texture2D.cpp
  TextureComponent.cpp
  TransformComponent.cpp
  Generating Code...
  imgui.cpp
  imgui_demo.cpp
  imgui_draw.cpp
  imgui_sdl.cpp
  imgui_widgets.cpp
  Generating Code...
  Minigin.vcxproj -> D:\Github\EngineV1\EngineV1\Win32\Game\Minigin.lib
  D:\Github\EngineV1\EngineV1\3rdParty\SDL2\lib\x86\SDL2.dll
  1 File(s) copied
  D:\Github\EngineV1\EngineV1\3rdParty\SDL2_image\lib\x86\libjpeg-9.dll
  D:\Github\EngineV1\EngineV1\3rdParty\SDL2_image\lib\x86\libpng16-16.dll
  D:\Github\EngineV1\EngineV1\3rdParty\SDL2_image\lib\x86\libtiff-5.dll
  D:\Github\EngineV1\EngineV1\3rdParty\SDL2_image\lib\x86\libwebp-7.dll
  D:\Github\EngineV1\EngineV1\3rdParty\SDL2_image\lib\x86\SDL2_image.dll
  D:\Github\EngineV1\EngineV1\3rdParty\SDL2_image\lib\x86\zlib1.dll
  6 File(s) copied
  D:\Github\EngineV1\EngineV1\3rdParty\SDL2_ttf\lib\x86\libfreetype-6.dll
  D:\Github\EngineV1\EngineV1\3rdParty\SDL2_ttf\lib\x86\SDL2_ttf.dll
  2 File(s) copied
